2019-06-28 17:49:22 INFO  ServerGUIApp:27:start - application started.
2019-06-28 17:49:22 ERROR Server:225:readPort - writing settings file error, 
java.io.FileNotFoundException: settings\server.ini (Системе не удается найти указанный путь)
	at java.io.FileOutputStream.open0(Native Method)
	at java.io.FileOutputStream.open(Unknown Source)
	at java.io.FileOutputStream.<init>(Unknown Source)
	at java.io.FileOutputStream.<init>(Unknown Source)
	at java.io.FileWriter.<init>(Unknown Source)
	at information.system.Server.Controller.Server.readPort(Server.java:221)
	at information.system.Server.Controller.Server.<init>(Server.java:32)
	at information.system.Server.View.ServerViewGUI.<init>(ServerViewGUI.java:29)
	at sun.reflect.NativeConstructorAccessorImpl.newInstance0(Native Method)
	at sun.reflect.NativeConstructorAccessorImpl.newInstance(Unknown Source)
	at sun.reflect.DelegatingConstructorAccessorImpl.newInstance(Unknown Source)
	at java.lang.reflect.Constructor.newInstance(Unknown Source)
	at java.lang.Class.newInstance(Unknown Source)
	at sun.reflect.misc.ReflectUtil.newInstance(Unknown Source)
	at javafx.fxml.FXMLLoader$ValueElement.processAttribute(FXMLLoader.java:927)
	at javafx.fxml.FXMLLoader$InstanceDeclarationElement.processAttribute(FXMLLoader.java:971)
	at javafx.fxml.FXMLLoader$Element.processStartElement(FXMLLoader.java:220)
	at javafx.fxml.FXMLLoader$ValueElement.processStartElement(FXMLLoader.java:744)
	at javafx.fxml.FXMLLoader.processStartElement(FXMLLoader.java:2707)
	at javafx.fxml.FXMLLoader.loadImpl(FXMLLoader.java:2527)
	at javafx.fxml.FXMLLoader.loadImpl(FXMLLoader.java:2441)
	at javafx.fxml.FXMLLoader.load(FXMLLoader.java:2409)
	at information.system.ServerGUIApp.start(ServerGUIApp.java:31)
	at com.sun.javafx.application.LauncherImpl.lambda$launchApplication1$166(LauncherImpl.java:863)
	at com.sun.javafx.application.PlatformImpl.lambda$runAndWait$179(PlatformImpl.java:326)
	at com.sun.javafx.application.PlatformImpl.lambda$null$177(PlatformImpl.java:295)
	at java.security.AccessController.doPrivileged(Native Method)
	at com.sun.javafx.application.PlatformImpl.lambda$runLater$178(PlatformImpl.java:294)
	at com.sun.glass.ui.InvokeLaterDispatcher$Future.run(InvokeLaterDispatcher.java:95)
	at com.sun.glass.ui.win.WinApplication._runLoop(Native Method)
	at com.sun.glass.ui.win.WinApplication.lambda$null$152(WinApplication.java:177)
	at java.lang.Thread.run(Unknown Source)
2019-06-28 17:49:23 INFO  ServerViewGeneral:164:initialize - ServerViewGUI started.
2019-06-28 17:49:23 ERROR Server:225:readPort - writing settings file error, 
java.io.FileNotFoundException: settings\server.ini (Системе не удается найти указанный путь)
	at java.io.FileOutputStream.open0(Native Method)
	at java.io.FileOutputStream.open(Unknown Source)
	at java.io.FileOutputStream.<init>(Unknown Source)
	at java.io.FileOutputStream.<init>(Unknown Source)
	at java.io.FileWriter.<init>(Unknown Source)
	at information.system.Server.Controller.Server.readPort(Server.java:221)
	at information.system.Server.Controller.Server.<init>(Server.java:32)
	at information.system.Server.View.ServerViewGUI.<init>(ServerViewGUI.java:29)
	at information.system.ServerGUIApp.start(ServerGUIApp.java:36)
	at com.sun.javafx.application.LauncherImpl.lambda$launchApplication1$166(LauncherImpl.java:863)
	at com.sun.javafx.application.PlatformImpl.lambda$runAndWait$179(PlatformImpl.java:326)
	at com.sun.javafx.application.PlatformImpl.lambda$null$177(PlatformImpl.java:295)
	at java.security.AccessController.doPrivileged(Native Method)
	at com.sun.javafx.application.PlatformImpl.lambda$runLater$178(PlatformImpl.java:294)
	at com.sun.glass.ui.InvokeLaterDispatcher$Future.run(InvokeLaterDispatcher.java:95)
	at com.sun.glass.ui.win.WinApplication._runLoop(Native Method)
	at com.sun.glass.ui.win.WinApplication.lambda$null$152(WinApplication.java:177)
	at java.lang.Thread.run(Unknown Source)
2019-06-28 17:49:51 INFO  ServerViewGeneral:91:onServerTerminateButtonPressed - server is being terminated.
2019-06-28 17:49:51 INFO  ServerViewGeneral:96:onServerTerminateButtonPressed - application is being closed.
